                                 Started job on |	Feb 01 21:32:07
                             Started mapping on |	Feb 01 21:34:07
                                    Finished on |	Feb 01 21:35:12
       Mapping speed, Million of reads per hour |	4.43

                          Number of input reads |	80000
                      Average input read length |	90
                                    UNIQUE READS:
                   Uniquely mapped reads number |	11150
                        Uniquely mapped reads % |	13.94%
                          Average mapped length |	87.20
                       Number of splices: Total |	1518
            Number of splices: Annotated (sjdb) |	791
                       Number of splices: GT/AG |	1385
                       Number of splices: GC/AG |	32
                       Number of splices: AT/AC |	0
               Number of splices: Non-canonical |	101
                      Mismatch rate per base, % |	4.91%
                         Deletion rate per base |	0.05%
                        Deletion average length |	1.65
                        Insertion rate per base |	0.10%
                       Insertion average length |	1.63
                             MULTI-MAPPING READS:
        Number of reads mapped to multiple loci |	2717
             % of reads mapped to multiple loci |	3.40%
        Number of reads mapped to too many loci |	155
             % of reads mapped to too many loci |	0.19%
                                  UNMAPPED READS:
  Number of reads unmapped: too many mismatches |	0
       % of reads unmapped: too many mismatches |	0.00%
            Number of reads unmapped: too short |	65977
                 % of reads unmapped: too short |	82.47%
                Number of reads unmapped: other |	1
                     % of reads unmapped: other |	0.00%
                                  CHIMERIC READS:
                       Number of chimeric reads |	0
                            % of chimeric reads |	0.00%
