                                 Started job on |	Feb 01 21:35:35
                             Started mapping on |	Feb 01 21:35:46
                                    Finished on |	Feb 01 21:35:56
       Mapping speed, Million of reads per hour |	28.80

                          Number of input reads |	80000
                      Average input read length |	90
                                    UNIQUE READS:
                   Uniquely mapped reads number |	62560
                        Uniquely mapped reads % |	78.20%
                          Average mapped length |	39.08
                       Number of splices: Total |	0
            Number of splices: Annotated (sjdb) |	0
                       Number of splices: GT/AG |	0
                       Number of splices: GC/AG |	0
                       Number of splices: AT/AC |	0
               Number of splices: Non-canonical |	0
                      Mismatch rate per base, % |	0.15%
                         Deletion rate per base |	0.01%
                        Deletion average length |	1.00
                        Insertion rate per base |	0.01%
                       Insertion average length |	1.06
                             MULTI-MAPPING READS:
        Number of reads mapped to multiple loci |	0
             % of reads mapped to multiple loci |	0.00%
        Number of reads mapped to too many loci |	4
             % of reads mapped to too many loci |	0.01%
                                  UNMAPPED READS:
  Number of reads unmapped: too many mismatches |	0
       % of reads unmapped: too many mismatches |	0.00%
            Number of reads unmapped: too short |	17436
                 % of reads unmapped: too short |	21.80%
                Number of reads unmapped: other |	0
                     % of reads unmapped: other |	0.00%
                                  CHIMERIC READS:
                       Number of chimeric reads |	0
                            % of chimeric reads |	0.00%
